# JRE version: Java(TM) SE Runtime Environment (20.0.2+9) (build 20.0.2+9-78)
# Java VM: Java HotSpot(TM) 64-Bit Server VM (20.0.2+9-78, mixed mode, sharing, tiered, compressed oops, compressed class ptrs, g1 gc, windows-amd64)
GC Precious Log:
 CardTable entry size: 512
 Card Set container configuration: InlinePtr #cards 5 size 8 Array Of Cards #cards 12 size 40 Howl #buckets 4 coarsen threshold 1843 Howl Bitmap #cards 512 size 80 coarsen threshold 460 Card regions per heap region 1 cards per card region 2048
 CPUs: 8 total, 8 available
 Memory: 7979M
 Large Page Support: Disabled
 NUMA Support: Disabled
 Compressed Oops: Enabled (32-bit)
 Heap Region Size: 1M
 Heap Min Capacity: 8M
 Heap Initial Capacity: 126M
 Heap Max Capacity: 1996M
 Pre-touch: Disabled
 Parallel Workers: 8
 Concurrent Workers: 2
 Concurrent Refinement Workers: 8
 Periodic GC: Disabled
Heap:
 garbage-first heap   total 53248K, used 45679K [0x0000000083400000, 0x0000000100000000)
  region size 1024K, 18 young (18432K), 1 survivors (1024K)
 Metaspace       used 71184K, committed 71872K, reserved 1114112K
  class space    used 9236K, committed 9536K, reserved 1048576K
GC Heap History (20 events):
Event: 6.197 GC heap before
{Heap before GC invocations=10 (full 0):
 garbage-first heap   total 51200K, used 42356K [0x0000000083400000, 0x0000000100000000)
  region size 1024K, 26 young (26624K), 4 survivors (4096K)
 Metaspace       used 48613K, committed 49152K, reserved 1114112K
  class space    used 6072K, committed 6336K, reserved 1048576K
}
Event: 6.201 GC heap after
{Heap after GC invocations=11 (full 0):
 garbage-first heap   total 51200K, used 22106K [0x0000000083400000, 0x0000000100000000)
  region size 1024K, 2 young (2048K), 2 survivors (2048K)
 Metaspace       used 48613K, committed 49152K, reserved 1114112K
  class space    used 6072K, committed 6336K, reserved 1048576K
}
Event: 6.740 GC heap before
{Heap before GC invocations=11 (full 0):
 garbage-first heap   total 51200K, used 43610K [0x0000000083400000, 0x0000000100000000)
  region size 1024K, 24 young (24576K), 2 survivors (2048K)
 Metaspace       used 54755K, committed 55296K, reserved 1114112K
  class space    used 7080K, committed 7296K, reserved 1048576K
}
Event: 6.742 GC heap after
{Heap after GC invocations=12 (full 0):
 garbage-first heap   total 51200K, used 23180K [0x0000000083400000, 0x0000000100000000)
  region size 1024K, 2 young (2048K), 2 survivors (2048K)
 Metaspace       used 54755K, committed 55296K, reserved 1114112K
  class space    used 7080K, committed 7296K, reserved 1048576K
}
Event: 7.369 GC heap before
{Heap before GC invocations=12 (full 0):
 garbage-first heap   total 51200K, used 43660K [0x0000000083400000, 0x0000000100000000)
  region size 1024K, 23 young (23552K), 2 survivors (2048K)
 Metaspace       used 57509K, committed 58112K, reserved 1114112K
  class space    used 7424K, committed 7680K, reserved 1048576K
}
Event: 7.371 GC heap after
{Heap after GC invocations=13 (full 0):
 garbage-first heap   total 51200K, used 23695K [0x0000000083400000, 0x0000000100000000)
  region size 1024K, 2 young (2048K), 2 survivors (2048K)
 Metaspace       used 57509K, committed 58112K, reserved 1114112K
  class space    used 7424K, committed 7680K, reserved 1048576K
}
Event: 10.001 GC heap before
{Heap before GC invocations=13 (full 0):
 garbage-first heap   total 51200K, used 35983K [0x0000000083400000, 0x0000000100000000)
  region size 1024K, 15 young (15360K), 2 survivors (2048K)
 Metaspace       used 59786K, committed 60288K, reserved 1114112K
  class space    used 7710K, committed 7936K, reserved 1048576K
}
Event: 10.005 GC heap after
{Heap after GC invocations=14 (full 0):
 garbage-first heap   total 51200K, used 24935K [0x0000000083400000, 0x0000000100000000)
  region size 1024K, 3 young (3072K), 3 survivors (3072K)
 Metaspace       used 59786K, committed 60288K, reserved 1114112K
  class space    used 7710K, committed 7936K, reserved 1048576K
}
Event: 10.489 GC heap before
{Heap before GC invocations=15 (full 0):
 garbage-first heap   total 51200K, used 44391K [0x0000000083400000, 0x0000000100000000)
  region size 1024K, 22 young (22528K), 3 survivors (3072K)
 Metaspace       used 61856K, committed 62400K, reserved 1114112K
  class space    used 8010K, committed 8256K, reserved 1048576K
}
Event: 10.494 GC heap after
{Heap after GC invocations=16 (full 0):
 garbage-first heap   total 51200K, used 26391K [0x0000000083400000, 0x0000000100000000)
  region size 1024K, 3 young (3072K), 3 survivors (3072K)
 Metaspace       used 61856K, committed 62400K, reserved 1114112K
  class space    used 8010K, committed 8256K, reserved 1048576K
}
Event: 10.683 GC heap before
{Heap before GC invocations=16 (full 0):
 garbage-first heap   total 51200K, used 43799K [0x0000000083400000, 0x0000000100000000)
  region size 1024K, 20 young (20480K), 3 survivors (3072K)
 Metaspace       used 62996K, committed 63616K, reserved 1114112K
  class space    used 8163K, committed 8448K, reserved 1048576K
}
Event: 10.689 GC heap after
{Heap after GC invocations=17 (full 0):
 garbage-first heap   total 51200K, used 26772K [0x0000000083400000, 0x0000000100000000)
  region size 1024K, 3 young (3072K), 3 survivors (3072K)
 Metaspace       used 62996K, committed 63616K, reserved 1114112K
  class space    used 8163K, committed 8448K, reserved 1048576K
}
Event: 10.776 GC heap before
{Heap before GC invocations=17 (full 0):
 garbage-first heap   total 51200K, used 44180K [0x0000000083400000, 0x0000000100000000)
  region size 1024K, 20 young (20480K), 3 survivors (3072K)
 Metaspace       used 63143K, committed 63808K, reserved 1114112K
  class space    used 8171K, committed 8448K, reserved 1048576K
}
Event: 10.779 GC heap after
{Heap after GC invocations=18 (full 0):
 garbage-first heap   total 51200K, used 27154K [0x0000000083400000, 0x0000000100000000)
  region size 1024K, 2 young (2048K), 2 survivors (2048K)
 Metaspace       used 63143K, committed 63808K, reserved 1114112K
  class space    used 8171K, committed 8448K, reserved 1048576K
}
Event: 11.042 GC heap before
{Heap before GC invocations=19 (full 0):
 garbage-first heap   total 53248K, used 43538K [0x0000000083400000, 0x0000000100000000)
  region size 1024K, 18 young (18432K), 2 survivors (2048K)
 Metaspace       used 63941K, committed 64576K, reserved 1114112K
  class space    used 8277K, committed 8576K, reserved 1048576K
}
Event: 11.044 GC heap after
{Heap after GC invocations=20 (full 0):
 garbage-first heap   total 53248K, used 28187K [0x0000000083400000, 0x0000000100000000)
  region size 1024K, 3 young (3072K), 3 survivors (3072K)
 Metaspace       used 63941K, committed 64576K, reserved 1114112K
  class space    used 8277K, committed 8576K, reserved 1048576K
}
Event: 11.390 GC heap before
{Heap before GC invocations=20 (full 0):
 garbage-first heap   total 53248K, used 43547K [0x0000000083400000, 0x0000000100000000)
  region size 1024K, 19 young (19456K), 3 survivors (3072K)
 Metaspace       used 65771K, committed 66432K, reserved 1114112K
  class space    used 8512K, committed 8832K, reserved 1048576K
}
Event: 11.394 GC heap after
{Heap after GC invocations=21 (full 0):
 garbage-first heap   total 53248K, used 29487K [0x0000000083400000, 0x0000000100000000)
  region size 1024K, 3 young (3072K), 3 survivors (3072K)
 Metaspace       used 65771K, committed 66432K, reserved 1114112K
  class space    used 8512K, committed 8832K, reserved 1048576K
}
Event: 97.480 GC heap before
{Heap before GC invocations=21 (full 0):
 garbage-first heap   total 53248K, used 44847K [0x0000000083400000, 0x0000000100000000)
  region size 1024K, 19 young (19456K), 3 survivors (3072K)
 Metaspace       used 67105K, committed 67776K, reserved 1114112K
  class space    used 8666K, committed 8960K, reserved 1048576K
}
Event: 97.484 GC heap after
{Heap after GC invocations=22 (full 0):
 garbage-first heap   total 53248K, used 30319K [0x0000000083400000, 0x0000000100000000)
  region size 1024K, 1 young (1024K), 1 survivors (1024K)
 Metaspace       used 67105K, committed 67776K, reserved 1114112K
  class space    used 8666K, committed 8960K, reserved 1048576K
}

